This is pdfTeX, Version 3.14159265-2.6-1.40.16 (TeX Live 2015) (preloaded format=pdflatex 2015.5.24)  23 JUN 2017 13:49
entering extended mode
 restricted \write18 enabled.
 file:line:error style messages enabled.
 %&-line parsing enabled.
**report_062317.tex
(./report_062317.tex
LaTeX2e <2015/01/01>
Babel <3.9l> and hyphenation patterns for 79 languages loaded.
(/usr/local/texlive/2015/texmf-dist/tex/latex/base/article.cls
Document Class: article 2014/09/29 v1.4h Standard LaTeX document class
(/usr/local/texlive/2015/texmf-dist/tex/latex/base/size11.clo
File: size11.clo 2014/09/29 v1.4h Standard LaTeX file (size option)
)
\c@part=\count79
\c@section=\count80
\c@subsection=\count81
\c@subsubsection=\count82
\c@paragraph=\count83
\c@subparagraph=\count84
\c@figure=\count85
\c@table=\count86
\abovecaptionskip=\skip41
\belowcaptionskip=\skip42
\bibindent=\dimen102
) (/usr/local/texlive/2015/texmf-dist/tex/latex/graphics/lscape.sty
Package: lscape 2000/10/22 v3.01 Landscape Pages (DPC)
 (/usr/local/texlive/2015/texmf-dist/tex/latex/graphics/graphics.sty
Package: graphics 2014/10/28 v1.0p Standard LaTeX Graphics (DPC,SPQR)
 (/usr/local/texlive/2015/texmf-dist/tex/latex/graphics/trig.sty
Package: trig 1999/03/16 v1.09 sin cos tan (DPC)
) (/usr/local/texlive/2015/texmf-dist/tex/latex/latexconfig/graphics.cfg
File: graphics.cfg 2010/04/23 v1.9 graphics configuration of TeX Live
)
Package graphics Info: Driver file: pdftex.def on input line 94.
 (/usr/local/texlive/2015/texmf-dist/tex/latex/pdftex-def/pdftex.def
File: pdftex.def 2011/05/27 v0.06d Graphics/color for pdfTeX
 (/usr/local/texlive/2015/texmf-dist/tex/generic/oberdiek/infwarerr.sty
Package: infwarerr 2010/04/08 v1.3 Providing info/warning/error messages (HO)
) (/usr/local/texlive/2015/texmf-dist/tex/generic/oberdiek/ltxcmds.sty
Package: ltxcmds 2011/11/09 v1.22 LaTeX kernel commands for general use (HO)
)
\Gread@gobject=\count87
))) (/usr/local/texlive/2015/texmf-dist/tex/latex/geometry/geometry.sty
Package: geometry 2010/09/12 v5.6 Page Geometry
 (/usr/local/texlive/2015/texmf-dist/tex/latex/graphics/keyval.sty
Package: keyval 2014/10/28 v1.15 key=value parser (DPC)
\KV@toks@=\toks14
) (/usr/local/texlive/2015/texmf-dist/tex/generic/oberdiek/ifpdf.sty
Package: ifpdf 2011/01/30 v2.3 Provides the ifpdf switch (HO)
Package ifpdf Info: pdfTeX in PDF mode is detected.
) (/usr/local/texlive/2015/texmf-dist/tex/generic/oberdiek/ifvtex.sty
Package: ifvtex 2010/03/01 v1.5 Detect VTeX and its facilities (HO)
Package ifvtex Info: VTeX not detected.
) (/usr/local/texlive/2015/texmf-dist/tex/generic/ifxetex/ifxetex.sty
Package: ifxetex 2010/09/12 v0.6 Provides ifxetex conditional
)
\Gm@cnth=\count88
\Gm@cntv=\count89
\c@Gm@tempcnt=\count90
\Gm@bindingoffset=\dimen103
\Gm@wd@mp=\dimen104
\Gm@odd@mp=\dimen105
\Gm@even@mp=\dimen106
\Gm@layoutwidth=\dimen107
\Gm@layoutheight=\dimen108
\Gm@layouthoffset=\dimen109
\Gm@layoutvoffset=\dimen110
\Gm@dimlist=\toks15
) (/Users/davleather/Projects/methods/Discretize/.texpadtmp/report_062317.aux)
\openout1 = `report_062317.aux'.

LaTeX Font Info:    Checking defaults for OML/cmm/m/it on input line 4.
LaTeX Font Info:    ... okay on input line 4.
LaTeX Font Info:    Checking defaults for T1/cmr/m/n on input line 4.
LaTeX Font Info:    ... okay on input line 4.
LaTeX Font Info:    Checking defaults for OT1/cmr/m/n on input line 4.
LaTeX Font Info:    ... okay on input line 4.
LaTeX Font Info:    Checking defaults for OMS/cmsy/m/n on input line 4.
LaTeX Font Info:    ... okay on input line 4.
LaTeX Font Info:    Checking defaults for OMX/cmex/m/n on input line 4.
LaTeX Font Info:    ... okay on input line 4.
LaTeX Font Info:    Checking defaults for U/cmr/m/n on input line 4.
LaTeX Font Info:    ... okay on input line 4.
 (/usr/local/texlive/2015/texmf-dist/tex/context/base/supp-pdf.mkii
[Loading MPS to PDF converter (version 2006.09.02).]
\scratchcounter=\count91
\scratchdimen=\dimen111
\scratchbox=\box26
\nofMPsegments=\count92
\nofMParguments=\count93
\everyMPshowfont=\toks16
\MPscratchCnt=\count94
\MPscratchDim=\dimen112
\MPnumerator=\count95
\makeMPintoPDFobject=\count96
\everyMPtoPDFconversion=\toks17
) (/usr/local/texlive/2015/texmf-dist/tex/generic/oberdiek/pdftexcmds.sty
Package: pdftexcmds 2011/11/29 v0.20 Utility functions of pdfTeX for LuaTeX (HO)
 (/usr/local/texlive/2015/texmf-dist/tex/generic/oberdiek/ifluatex.sty
Package: ifluatex 2010/03/01 v1.3 Provides the ifluatex switch (HO)
Package ifluatex Info: LuaTeX not detected.
)
Package pdftexcmds Info: LuaTeX not detected.
Package pdftexcmds Info: \pdf@primitive is available.
Package pdftexcmds Info: \pdf@ifprimitive is available.
Package pdftexcmds Info: \pdfdraftmode found.
) (/usr/local/texlive/2015/texmf-dist/tex/latex/oberdiek/epstopdf-base.sty
Package: epstopdf-base 2010/02/09 v2.5 Base part for package epstopdf
 (/usr/local/texlive/2015/texmf-dist/tex/latex/oberdiek/grfext.sty
Package: grfext 2010/08/19 v1.1 Manage graphics extensions (HO)
 (/usr/local/texlive/2015/texmf-dist/tex/generic/oberdiek/kvdefinekeys.sty
Package: kvdefinekeys 2011/04/07 v1.3 Define keys (HO)
)) (/usr/local/texlive/2015/texmf-dist/tex/latex/oberdiek/kvoptions.sty
Package: kvoptions 2011/06/30 v3.11 Key value format for package options (HO)
 (/usr/local/texlive/2015/texmf-dist/tex/generic/oberdiek/kvsetkeys.sty
Package: kvsetkeys 2012/04/25 v1.16 Key value parser (HO)
 (/usr/local/texlive/2015/texmf-dist/tex/generic/oberdiek/etexcmds.sty
Package: etexcmds 2011/02/16 v1.5 Avoid name clashes with e-TeX commands (HO)
Package etexcmds Info: Could not find \expanded.
(etexcmds)             That can mean that you are not using pdfTeX 1.50 or
(etexcmds)             that some package has redefined \expanded.
(etexcmds)             In the latter case, load this package earlier.
)))
Package grfext Info: Graphics extension search list:
(grfext)             [.png,.pdf,.jpg,.mps,.jpeg,.jbig2,.jb2,.PNG,.PDF,.JPG,.JPEG,.JBIG2,.JB2,.eps]
(grfext)             \AppendGraphicsExtensions on input line 452.
 (/usr/local/texlive/2015/texmf-dist/tex/latex/latexconfig/epstopdf-sys.cfg
File: epstopdf-sys.cfg 2010/07/13 v1.3 Configuration of (r)epstopdf for TeX Live
))
*geometry* driver: auto-detecting
*geometry* detected driver: pdftex
*geometry* verbose mode - [ preamble ] result:
* driver: pdftex
* paper: <default>
* layout: <same size as paper>
* layoutoffset:(h,v)=(0.0pt,0.0pt)
* modes: 
* h-part:(L,W,R)=(36.135pt, 542.025pt, 36.13501pt)
* v-part:(T,H,B)=(28.90799pt, 722.7pt, 43.362pt)
* \paperwidth=614.295pt
* \paperheight=794.96999pt
* \textwidth=542.025pt
* \textheight=722.7pt
* \oddsidemargin=-36.135pt
* \evensidemargin=-36.135pt
* \topmargin=-80.362pt
* \headheight=12.0pt
* \headsep=25.0pt
* \topskip=11.0pt
* \footskip=30.0pt
* \marginparwidth=59.0pt
* \marginparsep=10.0pt
* \columnsep=10.0pt
* \skip\footins=10.0pt plus 4.0pt minus 2.0pt
* \hoffset=0.0pt
* \voffset=0.0pt
* \mag=1000
* \@twocolumnfalse
* \@twosidefalse
* \@mparswitchfalse
* \@reversemarginfalse
* (1in=72.27pt=25.4mm, 1cm=28.453pt)

LaTeX Font Info:    External font `cmex10' loaded for size
(Font)              <10.95> on input line 8.
LaTeX Font Info:    External font `cmex10' loaded for size
(Font)              <8> on input line 8.
LaTeX Font Info:    External font `cmex10' loaded for size
(Font)              <6> on input line 8.
[1{/usr/local/texlive/2015/texmf-var/fonts/map/pdftex/updmap/pdftex.map}]
Package epstopdf Info: Source file: <fig1.eps>
(epstopdf)                    date: 2017-06-23 12:28:07
(epstopdf)                    size: 1186946 bytes
(epstopdf)             Output file: <fig1-eps-converted-to.pdf>
(epstopdf)                    date: 2017-06-23 13:46:00
(epstopdf)                    size: 187561 bytes
(epstopdf)             Command: <repstopdf --outfile=fig1-eps-converted-to.pdf fig1.eps>
(epstopdf)             \includegraphics on input line 61.
Package epstopdf Info: Output file is already uptodate.
 <fig1-eps-converted-to.pdf, id=12, 543.02875pt x 708.6475pt>
File: fig1-eps-converted-to.pdf Graphic file (type pdf)
 <use fig1-eps-converted-to.pdf>
Package pdftex.def Info: fig1-eps-converted-to.pdf used on input line 61.
(pdftex.def)             Requested size: 543.0274pt x 708.64578pt.

Overfull \hbox (18.00241pt too wide) in paragraph at lines 61--62
[][] 
 []

[2



 <./fig1-eps-converted-to.pdf>]
Package epstopdf Info: Source file: <fig2.eps>
(epstopdf)                    date: 2017-06-23 12:28:10
(epstopdf)                    size: 852629 bytes
(epstopdf)             Output file: <fig2-eps-converted-to.pdf>
(epstopdf)                    date: 2017-06-23 13:48:30
(epstopdf)                    size: 235946 bytes
(epstopdf)             Command: <repstopdf --outfile=fig2-eps-converted-to.pdf fig2.eps>
(epstopdf)             \includegraphics on input line 65.
Package epstopdf Info: Output file is already uptodate.
 <fig2-eps-converted-to.pdf, id=22, 723.70375pt x 543.02875pt>
File: fig2-eps-converted-to.pdf Graphic file (type pdf)
 <use fig2-eps-converted-to.pdf>
Package pdftex.def Info: fig2-eps-converted-to.pdf used on input line 65.
(pdftex.def)             Requested size: 723.70198pt x 543.0274pt.

Overfull \hbox (18.00198pt too wide) in paragraph at lines 65--66
[][] 
 []

[3

]
Overfull \vbox (1.00241pt too high) has occurred while \output is active []

 [4 <./fig2-eps-converted-to.pdf>]
Package epstopdf Info: Source file: <fig3.eps>
(epstopdf)                    date: 2017-06-23 12:28:14
(epstopdf)                    size: 992277 bytes
(epstopdf)             Output file: <fig3-eps-converted-to.pdf>
(epstopdf)             Command: <repstopdf --outfile=fig3-eps-converted-to.pdf fig3.eps>
(epstopdf)             \includegraphics on input line 69.
runsystem(repstopdf --outfile=fig3-eps-converted-to.pdf fig3.eps)...executed safely (allowed).

Package epstopdf Info: Result file: <fig3-eps-converted-to.pdf>
(epstopdf)                    date: 2017-06-23 13:49:09
(epstopdf)                    size: 213588 bytes.
 <fig3-eps-converted-to.pdf, id=35, 543.02875pt x 708.6475pt>
File: fig3-eps-converted-to.pdf Graphic file (type pdf)
 <use fig3-eps-converted-to.pdf>
Package pdftex.def Info: fig3-eps-converted-to.pdf used on input line 69.
(pdftex.def)             Requested size: 543.0274pt x 708.64578pt.

Overfull \hbox (18.00241pt too wide) in paragraph at lines 69--70
[][] 
 []

[5

 <./fig3-eps-converted-to.pdf>]
Package epstopdf Info: Source file: <fig4.eps>
(epstopdf)                    date: 2017-06-23 12:28:16
(epstopdf)                    size: 572644 bytes
(epstopdf)             Output file: <fig4-eps-converted-to.pdf>
(epstopdf)             Command: <repstopdf --outfile=fig4-eps-converted-to.pdf fig4.eps>
(epstopdf)             \includegraphics on input line 72.
runsystem(repstopdf --outfile=fig4-eps-converted-to.pdf fig4.eps)...executed safely (allowed).

Package epstopdf Info: Result file: <fig4-eps-converted-to.pdf>
(epstopdf)                    date: 2017-06-23 13:49:10
(epstopdf)                    size: 102763 bytes.
 <fig4-eps-converted-to.pdf, id=45, 362.35374pt x 543.02875pt>
File: fig4-eps-converted-to.pdf Graphic file (type pdf)
 <use fig4-eps-converted-to.pdf>
Package pdftex.def Info: fig4-eps-converted-to.pdf used on input line 72.
(pdftex.def)             Requested size: 362.35286pt x 543.0274pt.
 [6 <./fig4-eps-converted-to.pdf>] (/Users/davleather/Projects/methods/Discretize/.texpadtmp/report_062317.aux) ) 
Here is how much of TeX's memory you used:
 1950 strings out of 493089
 28860 string characters out of 6134842
 101760 words of memory out of 5000000
 5423 multiletter control sequences out of 15000+600000
 6379 words of font info for 23 fonts, out of 8000000 for 9000
 1141 hyphenation exceptions out of 8191
 38i,9n,31p,317b,233s stack positions out of 5000i,500n,10000p,200000b,80000s
</usr/local/texlive/2015/texmf-dist/fonts/type1/public/amsfonts/cm/cmmi10.pfb></usr/local/texlive/2015/texmf-dist/fonts/type1/public/amsfonts/cm/cmmi8.pfb></usr/local/texlive/2015/texmf-dist/fonts/type1/public/amsfonts/cm/cmr10.pfb></usr/local/texlive/2015/texmf-dist/fonts/type1/public/amsfonts/cm/cmr8.pfb></usr/local/texlive/2015/texmf-dist/fonts/type1/public/amsfonts/cm/cmsy10.pfb></usr/local/texlive/2015/texmf-dist/fonts/type1/public/amsfonts/cm/cmsy8.pfb>
Output written on /Users/davleather/Projects/methods/Discretize/.texpadtmp/report_062317.pdf (6 pages, 791634 bytes).
PDF statistics:
 75 PDF objects out of 1000 (max. 8388607)
 40 compressed objects within 1 object stream
 0 named destinations out of 1000 (max. 500000)
 21 words of extra memory for PDF output out of 10000 (max. 10000000)

